c:\users\솔\desktop\work\actual\blackdays\programming\maincode\blackdays\blackdays\proj.win32\debug.win32\vc120.pdb
c:\users\솔\desktop\work\actual\blackdays\programming\maincode\blackdays\blackdays\proj.win32\debug.win32\vc120.idb
c:\users\솔\desktop\work\actual\blackdays\programming\maincode\blackdays\blackdays\proj.win32\debug.win32\touchlayer.obj
c:\users\솔\desktop\work\actual\blackdays\programming\maincode\blackdays\blackdays\proj.win32\debug.win32\scenemanager.obj
c:\users\솔\desktop\work\actual\blackdays\programming\maincode\blackdays\blackdays\proj.win32\debug.win32\startscene.obj
c:\users\솔\desktop\work\actual\blackdays\programming\maincode\blackdays\blackdays\proj.win32\debug.win32\soundmanager.obj
c:\users\솔\desktop\work\actual\blackdays\programming\maincode\blackdays\blackdays\proj.win32\debug.win32\stagemanager.obj
c:\users\솔\desktop\work\actual\blackdays\programming\maincode\blackdays\blackdays\proj.win32\debug.win32\systeminfo.obj
c:\users\솔\desktop\work\actual\blackdays\programming\maincode\blackdays\blackdays\proj.win32\debug.win32\bd_actionmove.obj
c:\users\솔\desktop\work\actual\blackdays\programming\maincode\blackdays\blackdays\proj.win32\debug.win32\bd_actionscrolling.obj
c:\users\솔\desktop\work\actual\blackdays\programming\maincode\blackdays\blackdays\proj.win32\debug.win32\bd_background.obj
c:\users\솔\desktop\work\actual\blackdays\programming\maincode\blackdays\blackdays\proj.win32\debug.win32\bd_button.obj
c:\users\솔\desktop\work\actual\blackdays\programming\maincode\blackdays\blackdays\proj.win32\debug.win32\appdelegate.obj
c:\users\솔\desktop\work\actual\blackdays\programming\maincode\blackdays\blackdays\proj.win32\debug.win32\graphicscontroller.obj
c:\users\솔\desktop\work\actual\blackdays\programming\maincode\blackdays\blackdays\proj.win32\debug.win32\luacommunicator.obj
c:\users\솔\desktop\work\actual\blackdays\programming\maincode\blackdays\blackdays\proj.win32\debug.win32\animate.obj
c:\users\솔\desktop\work\actual\blackdays\programming\maincode\blackdays\blackdays\proj.win32\debug.win32\curvethrowobject.obj
c:\users\솔\desktop\work\actual\blackdays\programming\maincode\blackdays\blackdays\proj.win32\debug.win32\effect.obj
c:\users\솔\desktop\work\actual\blackdays\programming\maincode\blackdays\blackdays\proj.win32\debug.win32\gamegraphiccomponent.obj
c:\users\솔\desktop\work\actual\blackdays\programming\maincode\blackdays\blackdays\proj.win32\debug.win32\gamegraphiccontroller.obj
c:\users\솔\desktop\work\actual\blackdays\programming\maincode\blackdays\blackdays\proj.win32\debug.win32\gameobject.obj
c:\users\솔\desktop\work\actual\blackdays\programming\maincode\blackdays\blackdays\proj.win32\debug.win32\hudcollection.obj
c:\users\솔\desktop\work\actual\blackdays\programming\maincode\blackdays\blackdays\proj.win32\debug.win32\map.obj
c:\users\솔\desktop\work\actual\blackdays\programming\maincode\blackdays\blackdays\proj.win32\debug.win32\normal.obj
c:\users\솔\desktop\work\actual\blackdays\programming\maincode\blackdays\blackdays\proj.win32\debug.win32\objectcontroller.obj
c:\users\솔\desktop\work\actual\blackdays\programming\maincode\blackdays\blackdays\proj.win32\debug.win32\particlecontroller.obj
c:\users\솔\desktop\work\actual\blackdays\programming\maincode\blackdays\blackdays\proj.win32\debug.win32\skillcontroller.obj
c:\users\솔\desktop\work\actual\blackdays\programming\maincode\blackdays\blackdays\proj.win32\debug.win32\gamescene.obj
c:\users\솔\desktop\work\actual\blackdays\programming\maincode\blackdays\blackdays\proj.win32\debug.win32\stageselectscene.obj
c:\users\솔\desktop\work\actual\blackdays\programming\maincode\blackdays\blackdays\proj.win32\debug.win32\bd_checkbox.obj
c:\users\솔\desktop\work\actual\blackdays\programming\maincode\blackdays\blackdays\proj.win32\debug.win32\bd_layeraction.obj
c:\users\솔\desktop\work\actual\blackdays\programming\maincode\blackdays\blackdays\proj.win32\debug.win32\bd_message.obj
c:\users\솔\desktop\work\actual\blackdays\programming\maincode\blackdays\blackdays\proj.win32\debug.win32\bd_popupmessage.obj
c:\users\솔\desktop\work\actual\blackdays\programming\maincode\blackdays\blackdays\proj.win32\debug.win32\bd_slidecontrol.obj
c:\users\솔\desktop\work\actual\blackdays\programming\maincode\blackdays\blackdays\proj.win32\debug.win32\bd_slideselector.obj
c:\users\솔\desktop\work\actual\blackdays\programming\maincode\blackdays\blackdays\proj.win32\debug.win32\uicomponent.obj
c:\users\솔\desktop\work\actual\blackdays\programming\maincode\blackdays\blackdays\proj.win32\debug.win32\uicontroller.obj
c:\users\솔\desktop\work\actual\blackdays\programming\maincode\blackdays\blackdays\proj.win32\debug.win32\uilayer.obj
c:\users\솔\desktop\work\actual\blackdays\programming\maincode\blackdays\blackdays\proj.win32\debug.win32\main.obj
c:\users\솔\desktop\work\actual\blackdays\programming\maincode\blackdays\blackdays\proj.win32\debug.win32\black days.win32.ilk
c:\users\솔\desktop\work\actual\blackdays\programming\maincode\blackdays\blackdays\proj.win32\debug.win32\black days.win32.exe
c:\users\솔\desktop\work\actual\blackdays\programming\maincode\blackdays\blackdays\proj.win32\debug.win32\black days.win32.pdb
c:\users\솔\desktop\work\actual\blackdays\programming\maincode\blackdays\blackdays\proj.win32\debug.win32\black days.win32.tlog\cl.command.1.tlog
c:\users\솔\desktop\work\actual\blackdays\programming\maincode\blackdays\blackdays\proj.win32\debug.win32\black days.win32.tlog\cl.read.1.tlog
c:\users\솔\desktop\work\actual\blackdays\programming\maincode\blackdays\blackdays\proj.win32\debug.win32\black days.win32.tlog\cl.write.1.tlog
c:\users\솔\desktop\work\actual\blackdays\programming\maincode\blackdays\blackdays\proj.win32\debug.win32\black days.win32.tlog\link.command.1.tlog
c:\users\솔\desktop\work\actual\blackdays\programming\maincode\blackdays\blackdays\proj.win32\debug.win32\black days.win32.tlog\link.read.1.tlog
c:\users\솔\desktop\work\actual\blackdays\programming\maincode\blackdays\blackdays\proj.win32\debug.win32\black days.win32.tlog\link.write.1.tlog
